<?xml version="1.0" encoding="UTF-8"?>
<!-- Generated by org.testng.reporters.JUnitReportReporter -->
<testsuite hostname="MSI" failures="0" tests="3" name="test.RunTest" time="41.615" errors="0" timestamp="2024-09-19T16:36:29 ICT" skipped="0">
  <testcase classname="test.RunTest" name="test2" time="12.778"/>
  <testcase classname="test.RunTest" name="test2" time="14.752"/>
  <testcase classname="test.RunTest" name="test2" time="14.085"/>
</testsuite> <!-- test.RunTest -->
