<?xml version="1.0" encoding="UTF-8"?>
<!-- Generated by org.testng.reporters.JUnitReportReporter -->
<testsuite hostname="MSI" failures="0" tests="1" name="test.RunTest" time="15.682" errors="0" timestamp="2024-09-20T19:46:30 ICT" skipped="0">
  <testcase classname="test.RunTest" name="test2" time="15.682"/>
</testsuite> <!-- test.RunTest -->
