<?xml version="1.0" encoding="UTF-8"?>
<!-- Generated by org.testng.reporters.JUnitReportReporter -->
<testsuite hostname="MSI" failures="0" tests="3" name="test.RunTest" time="43.347" errors="0" timestamp="2024-09-19T16:53:05 ICT" skipped="0">
  <testcase classname="test.RunTest" name="test2" time="14.462"/>
  <testcase classname="test.RunTest" name="test2" time="13.860"/>
  <testcase classname="test.RunTest" name="test2" time="15.025"/>
</testsuite> <!-- test.RunTest -->
