<?xml version="1.0" encoding="UTF-8"?>
<!-- Generated by org.testng.reporters.JUnitReportReporter -->
<testsuite hostname="MSI" failures="0" tests="3" name="test.RunTest" time="38.112" errors="0" timestamp="2024-09-17T19:38:45 ICT" skipped="0">
  <testcase classname="test.RunTest" name="test1" time="12.626"/>
  <testcase classname="test.RunTest" name="test1" time="11.801"/>
  <testcase classname="test.RunTest" name="test1" time="13.685"/>
</testsuite> <!-- test.RunTest -->
